2025-09-25T16:29:40.310+09:00  INFO 22088 --- [ch09] [restartedMain] kr.co.sboard.SboardApplication           : Starting SboardApplication using Java 17.0.0.1 with PID 22088 (C:\Users\GGG\Desktop\work\Spring\sboard\build\classes\java\main started by GGG in C:\Users\GGG\Desktop\work\Spring\sboard)
2025-09-25T16:29:40.312+09:00  INFO 22088 --- [ch09] [restartedMain] kr.co.sboard.SboardApplication           : No active profile set, falling back to 1 default profile: "default"
2025-09-25T16:29:40.353+09:00  INFO 22088 --- [ch09] [restartedMain] o.s.b.devtools.restart.ChangeableUrls    : The Class-Path manifest attribute in C:\Users\GGG\.gradle\caches\modules-2\files-2.1\com.oracle.database.jdbc\ojdbc11\23.7.0.25.01\665f52abef9122ce003b5cfc1d9d44f7302e2cfe\ojdbc11-23.7.0.25.01.jar referenced one or more files that do not exist: file:/C:/Users/GGG/.gradle/caches/modules-2/files-2.1/com.oracle.database.jdbc/ojdbc11/23.7.0.25.01/665f52abef9122ce003b5cfc1d9d44f7302e2cfe/oraclepki.jar
2025-09-25T16:29:40.354+09:00  INFO 22088 --- [ch09] [restartedMain] .e.DevToolsPropertyDefaultsPostProcessor : Devtools property defaults active! Set 'spring.devtools.add-properties' to 'false' to disable
2025-09-25T16:29:40.354+09:00  INFO 22088 --- [ch09] [restartedMain] .e.DevToolsPropertyDefaultsPostProcessor : For additional web related logging consider setting the 'logging.level.web' property to 'DEBUG'
2025-09-25T16:29:41.021+09:00  INFO 22088 --- [ch09] [restartedMain] .s.d.r.c.RepositoryConfigurationDelegate : Bootstrapping Spring Data JPA repositories in DEFAULT mode.
2025-09-25T16:29:41.034+09:00  INFO 22088 --- [ch09] [restartedMain] .s.d.r.c.RepositoryConfigurationDelegate : Finished Spring Data repository scanning in 4 ms. Found 0 JPA repository interfaces.
2025-09-25T16:29:41.160+09:00  WARN 22088 --- [ch09] [restartedMain] o.m.s.mapper.ClassPathMapperScanner      : No MyBatis mapper was found in '[kr.co.sboard]' package. Please check your configuration.
2025-09-25T16:29:41.490+09:00  INFO 22088 --- [ch09] [restartedMain] o.s.b.w.embedded.tomcat.TomcatWebServer  : Tomcat initialized with port 8080 (http)
2025-09-25T16:29:41.501+09:00  INFO 22088 --- [ch09] [restartedMain] o.apache.catalina.core.StandardService   : Starting service [Tomcat]
2025-09-25T16:29:41.502+09:00  INFO 22088 --- [ch09] [restartedMain] o.apache.catalina.core.StandardEngine    : Starting Servlet engine: [Apache Tomcat/10.1.46]
2025-09-25T16:29:41.538+09:00  INFO 22088 --- [ch09] [restartedMain] o.a.c.c.C.[Tomcat].[localhost].[/ch09]   : Initializing Spring embedded WebApplicationContext
2025-09-25T16:29:41.539+09:00  INFO 22088 --- [ch09] [restartedMain] w.s.c.ServletWebServerApplicationContext : Root WebApplicationContext: initialization completed in 1185 ms
2025-09-25T16:29:41.705+09:00  INFO 22088 --- [ch09] [restartedMain] o.hibernate.jpa.internal.util.LogHelper  : HHH000204: Processing PersistenceUnitInfo [name: default]
2025-09-25T16:29:41.755+09:00  INFO 22088 --- [ch09] [restartedMain] org.hibernate.Version                    : HHH000412: Hibernate ORM core version 6.6.29.Final
2025-09-25T16:29:41.785+09:00  INFO 22088 --- [ch09] [restartedMain] o.h.c.internal.RegionFactoryInitiator    : HHH000026: Second-level cache disabled
2025-09-25T16:29:42.048+09:00  INFO 22088 --- [ch09] [restartedMain] o.s.o.j.p.SpringPersistenceUnitInfo      : No LoadTimeWeaver setup: ignoring JPA class transformer
2025-09-25T16:29:42.074+09:00  INFO 22088 --- [ch09] [restartedMain] com.zaxxer.hikari.HikariDataSource       : HikariPool-1 - Starting...
2025-09-25T16:29:42.079+09:00  WARN 22088 --- [ch09] [restartedMain] c.zaxxer.hikari.util.DriverDataSource    : Registered driver with driverClassName=oracle.jdbc.driver.OracleDriver was not found, trying direct instantiation.
2025-09-25T16:29:42.444+09:00  INFO 22088 --- [ch09] [restartedMain] com.zaxxer.hikari.pool.HikariPool        : HikariPool-1 - Added connection oracle.jdbc.driver.T4CConnection@168fc34b
2025-09-25T16:29:42.446+09:00  INFO 22088 --- [ch09] [restartedMain] com.zaxxer.hikari.HikariDataSource       : HikariPool-1 - Start completed.
2025-09-25T16:29:42.782+09:00  INFO 22088 --- [ch09] [restartedMain] org.hibernate.orm.connections.pooling    : HHH10001005: Database info:
	Database JDBC URL [Connecting through datasource 'HikariDataSource (HikariPool-1)']
	Database driver: undefined/unknown
	Database version: 21.3
	Autocommit mode: undefined/unknown
	Isolation level: undefined/unknown
	Minimum pool size: undefined/unknown
	Maximum pool size: undefined/unknown
2025-09-25T16:29:43.084+09:00  INFO 22088 --- [ch09] [restartedMain] o.h.e.t.j.p.i.JtaPlatformInitiator       : HHH000489: No JTA platform available (set 'hibernate.transaction.jta.platform' to enable JTA platform integration)
2025-09-25T16:29:43.089+09:00  INFO 22088 --- [ch09] [restartedMain] j.LocalContainerEntityManagerFactoryBean : Initialized JPA EntityManagerFactory for persistence unit 'default'
2025-09-25T16:29:43.132+09:00  WARN 22088 --- [ch09] [restartedMain] JpaBaseConfiguration$JpaWebConfiguration : spring.jpa.open-in-view is enabled by default. Therefore, database queries may be performed during view rendering. Explicitly configure spring.jpa.open-in-view to disable this warning
2025-09-25T16:29:43.158+09:00  INFO 22088 --- [ch09] [restartedMain] o.s.b.a.w.s.WelcomePageHandlerMapping    : Adding welcome page template: index
2025-09-25T16:29:43.514+09:00  WARN 22088 --- [ch09] [restartedMain] .s.s.UserDetailsServiceAutoConfiguration : 

Using generated security password: b0c6ecc3-6e29-4f1a-8e4e-973cf08f8e91

This generated password is for development use only. Your security configuration must be updated before running your application in production.

2025-09-25T16:29:43.521+09:00  INFO 22088 --- [ch09] [restartedMain] r$InitializeUserDetailsManagerConfigurer : Global AuthenticationManager configured with UserDetailsService bean with name inMemoryUserDetailsManager
2025-09-25T16:29:43.645+09:00  INFO 22088 --- [ch09] [restartedMain] o.s.b.d.a.OptionalLiveReloadServer       : LiveReload server is running on port 35729
2025-09-25T16:29:43.671+09:00  INFO 22088 --- [ch09] [restartedMain] o.s.b.w.embedded.tomcat.TomcatWebServer  : Tomcat started on port 8080 (http) with context path '/ch09'
2025-09-25T16:29:43.679+09:00  INFO 22088 --- [ch09] [restartedMain] kr.co.sboard.SboardApplication           : Started SboardApplication in 3.835 seconds (process running for 4.617)
2025-09-25T16:30:50.698+09:00  INFO 22088 --- [ch09] [File Watcher] rtingClassPathChangeChangedEventListener : Restarting due to 4 class path changes (0 additions, 4 deletions, 0 modifications)
2025-09-25T16:30:50.702+09:00  INFO 22088 --- [ch09] [Thread-7] o.s.b.w.e.tomcat.GracefulShutdown        : Commencing graceful shutdown. Waiting for active requests to complete
2025-09-25T16:30:50.828+09:00  INFO 22088 --- [ch09] [tomcat-shutdown] o.s.b.w.e.tomcat.GracefulShutdown        : Graceful shutdown complete
2025-09-25T16:30:50.833+09:00  INFO 22088 --- [ch09] [Thread-7] j.LocalContainerEntityManagerFactoryBean : Closing JPA EntityManagerFactory for persistence unit 'default'
2025-09-25T16:30:50.838+09:00  INFO 22088 --- [ch09] [Thread-7] com.zaxxer.hikari.HikariDataSource       : HikariPool-1 - Shutdown initiated...
2025-09-25T16:30:50.964+09:00  INFO 22088 --- [ch09] [Thread-7] com.zaxxer.hikari.HikariDataSource       : HikariPool-1 - Shutdown completed.
2025-09-25T16:30:51.079+09:00  INFO 22088 --- [ch09] [restartedMain] kr.co.sboard.SboardApplication           : Starting SboardApplication using Java 17.0.0.1 with PID 22088 (C:\Users\GGG\Desktop\work\Spring\sboard\build\classes\java\main started by GGG in C:\Users\GGG\Desktop\work\Spring\sboard)
2025-09-25T16:30:51.080+09:00  INFO 22088 --- [ch09] [restartedMain] kr.co.sboard.SboardApplication           : No active profile set, falling back to 1 default profile: "default"
2025-09-25T16:30:51.388+09:00  INFO 22088 --- [ch09] [restartedMain] .s.d.r.c.RepositoryConfigurationDelegate : Bootstrapping Spring Data JPA repositories in DEFAULT mode.
2025-09-25T16:30:51.392+09:00  INFO 22088 --- [ch09] [restartedMain] .s.d.r.c.RepositoryConfigurationDelegate : Finished Spring Data repository scanning in 1 ms. Found 0 JPA repository interfaces.
2025-09-25T16:30:51.470+09:00  WARN 22088 --- [ch09] [restartedMain] o.m.s.mapper.ClassPathMapperScanner      : No MyBatis mapper was found in '[kr.co.sboard]' package. Please check your configuration.
2025-09-25T16:30:51.608+09:00  INFO 22088 --- [ch09] [restartedMain] o.s.b.w.embedded.tomcat.TomcatWebServer  : Tomcat initialized with port 8080 (http)
2025-09-25T16:30:51.611+09:00  INFO 22088 --- [ch09] [restartedMain] o.apache.catalina.core.StandardService   : Starting service [Tomcat]
2025-09-25T16:30:51.612+09:00  INFO 22088 --- [ch09] [restartedMain] o.apache.catalina.core.StandardEngine    : Starting Servlet engine: [Apache Tomcat/10.1.46]
2025-09-25T16:30:51.647+09:00  INFO 22088 --- [ch09] [restartedMain] o.a.c.c.C.[Tomcat].[localhost].[/ch09]   : Initializing Spring embedded WebApplicationContext
2025-09-25T16:30:51.648+09:00  INFO 22088 --- [ch09] [restartedMain] w.s.c.ServletWebServerApplicationContext : Root WebApplicationContext: initialization completed in 565 ms
2025-09-25T16:30:51.693+09:00  INFO 22088 --- [ch09] [restartedMain] o.hibernate.jpa.internal.util.LogHelper  : HHH000204: Processing PersistenceUnitInfo [name: default]
2025-09-25T16:30:51.697+09:00  INFO 22088 --- [ch09] [restartedMain] o.h.c.internal.RegionFactoryInitiator    : HHH000026: Second-level cache disabled
2025-09-25T16:30:51.716+09:00  INFO 22088 --- [ch09] [restartedMain] o.s.o.j.p.SpringPersistenceUnitInfo      : No LoadTimeWeaver setup: ignoring JPA class transformer
2025-09-25T16:30:51.718+09:00  INFO 22088 --- [ch09] [restartedMain] com.zaxxer.hikari.HikariDataSource       : HikariPool-2 - Starting...
2025-09-25T16:30:51.719+09:00  WARN 22088 --- [ch09] [restartedMain] c.zaxxer.hikari.util.DriverDataSource    : Registered driver with driverClassName=oracle.jdbc.driver.OracleDriver was not found, trying direct instantiation.
2025-09-25T16:30:51.889+09:00  INFO 22088 --- [ch09] [restartedMain] com.zaxxer.hikari.pool.HikariPool        : HikariPool-2 - Added connection oracle.jdbc.driver.T4CConnection@c199feb
2025-09-25T16:30:51.890+09:00  INFO 22088 --- [ch09] [restartedMain] com.zaxxer.hikari.HikariDataSource       : HikariPool-2 - Start completed.
2025-09-25T16:30:51.970+09:00  INFO 22088 --- [ch09] [restartedMain] org.hibernate.orm.connections.pooling    : HHH10001005: Database info:
	Database JDBC URL [Connecting through datasource 'HikariDataSource (HikariPool-2)']
	Database driver: undefined/unknown
	Database version: 21.3
	Autocommit mode: undefined/unknown
	Isolation level: undefined/unknown
	Minimum pool size: undefined/unknown
	Maximum pool size: undefined/unknown
2025-09-25T16:30:51.997+09:00  INFO 22088 --- [ch09] [restartedMain] o.h.e.t.j.p.i.JtaPlatformInitiator       : HHH000489: No JTA platform available (set 'hibernate.transaction.jta.platform' to enable JTA platform integration)
2025-09-25T16:30:51.997+09:00  INFO 22088 --- [ch09] [restartedMain] j.LocalContainerEntityManagerFactoryBean : Initialized JPA EntityManagerFactory for persistence unit 'default'
2025-09-25T16:30:52.019+09:00  WARN 22088 --- [ch09] [restartedMain] JpaBaseConfiguration$JpaWebConfiguration : spring.jpa.open-in-view is enabled by default. Therefore, database queries may be performed during view rendering. Explicitly configure spring.jpa.open-in-view to disable this warning
2025-09-25T16:30:52.031+09:00  INFO 22088 --- [ch09] [restartedMain] o.s.b.a.w.s.WelcomePageHandlerMapping    : Adding welcome page template: index
2025-09-25T16:30:52.210+09:00  WARN 22088 --- [ch09] [restartedMain] .s.s.UserDetailsServiceAutoConfiguration : 

Using generated security password: 3d61f407-88b9-4cef-846c-731e7bae0922

This generated password is for development use only. Your security configuration must be updated before running your application in production.

2025-09-25T16:30:52.211+09:00  INFO 22088 --- [ch09] [restartedMain] r$InitializeUserDetailsManagerConfigurer : Global AuthenticationManager configured with UserDetailsService bean with name inMemoryUserDetailsManager
2025-09-25T16:30:52.251+09:00  INFO 22088 --- [ch09] [restartedMain] o.s.b.d.a.OptionalLiveReloadServer       : LiveReload server is running on port 35729
2025-09-25T16:30:52.269+09:00  INFO 22088 --- [ch09] [restartedMain] o.s.b.w.embedded.tomcat.TomcatWebServer  : Tomcat started on port 8080 (http) with context path '/ch09'
2025-09-25T16:30:52.276+09:00  INFO 22088 --- [ch09] [restartedMain] kr.co.sboard.SboardApplication           : Started SboardApplication in 1.252 seconds (process running for 73.214)
2025-09-25T16:30:52.279+09:00  INFO 22088 --- [ch09] [restartedMain] .ConditionEvaluationDeltaLoggingListener : Condition evaluation unchanged
2025-09-25T16:30:53.666+09:00  INFO 22088 --- [ch09] [File Watcher] rtingClassPathChangeChangedEventListener : Restarting due to 4 class path changes (4 additions, 0 deletions, 0 modifications)
2025-09-25T16:30:53.667+09:00  INFO 22088 --- [ch09] [Thread-9] o.s.b.w.e.tomcat.GracefulShutdown        : Commencing graceful shutdown. Waiting for active requests to complete
2025-09-25T16:30:53.769+09:00  INFO 22088 --- [ch09] [tomcat-shutdown] o.s.b.w.e.tomcat.GracefulShutdown        : Graceful shutdown complete
2025-09-25T16:30:53.771+09:00  INFO 22088 --- [ch09] [Thread-9] j.LocalContainerEntityManagerFactoryBean : Closing JPA EntityManagerFactory for persistence unit 'default'
2025-09-25T16:30:53.771+09:00  INFO 22088 --- [ch09] [Thread-9] com.zaxxer.hikari.HikariDataSource       : HikariPool-2 - Shutdown initiated...
2025-09-25T16:30:53.875+09:00  INFO 22088 --- [ch09] [Thread-9] com.zaxxer.hikari.HikariDataSource       : HikariPool-2 - Shutdown completed.
2025-09-25T16:30:53.940+09:00  INFO 22088 --- [ch09] [restartedMain] kr.co.sboard.SboardApplication           : Starting SboardApplication using Java 17.0.0.1 with PID 22088 (C:\Users\GGG\Desktop\work\Spring\sboard\build\classes\java\main started by GGG in C:\Users\GGG\Desktop\work\Spring\sboard)
2025-09-25T16:30:53.940+09:00  INFO 22088 --- [ch09] [restartedMain] kr.co.sboard.SboardApplication           : No active profile set, falling back to 1 default profile: "default"
2025-09-25T16:30:54.101+09:00  INFO 22088 --- [ch09] [restartedMain] .s.d.r.c.RepositoryConfigurationDelegate : Bootstrapping Spring Data JPA repositories in DEFAULT mode.
2025-09-25T16:30:54.102+09:00  INFO 22088 --- [ch09] [restartedMain] .s.d.r.c.RepositoryConfigurationDelegate : Finished Spring Data repository scanning in 0 ms. Found 0 JPA repository interfaces.
2025-09-25T16:30:54.138+09:00  WARN 22088 --- [ch09] [restartedMain] o.m.s.mapper.ClassPathMapperScanner      : No MyBatis mapper was found in '[kr.co.sboard]' package. Please check your configuration.
2025-09-25T16:30:54.197+09:00  INFO 22088 --- [ch09] [restartedMain] o.s.b.w.embedded.tomcat.TomcatWebServer  : Tomcat initialized with port 8080 (http)
2025-09-25T16:30:54.197+09:00  INFO 22088 --- [ch09] [restartedMain] o.apache.catalina.core.StandardService   : Starting service [Tomcat]
2025-09-25T16:30:54.197+09:00  INFO 22088 --- [ch09] [restartedMain] o.apache.catalina.core.StandardEngine    : Starting Servlet engine: [Apache Tomcat/10.1.46]
2025-09-25T16:30:54.216+09:00  INFO 22088 --- [ch09] [restartedMain] o.a.c.c.C.[Tomcat].[localhost].[/ch09]   : Initializing Spring embedded WebApplicationContext
2025-09-25T16:30:54.216+09:00  INFO 22088 --- [ch09] [restartedMain] w.s.c.ServletWebServerApplicationContext : Root WebApplicationContext: initialization completed in 274 ms
2025-09-25T16:30:54.236+09:00  INFO 22088 --- [ch09] [restartedMain] o.hibernate.jpa.internal.util.LogHelper  : HHH000204: Processing PersistenceUnitInfo [name: default]
2025-09-25T16:30:54.239+09:00  INFO 22088 --- [ch09] [restartedMain] o.h.c.internal.RegionFactoryInitiator    : HHH000026: Second-level cache disabled
2025-09-25T16:30:54.247+09:00  INFO 22088 --- [ch09] [restartedMain] o.s.o.j.p.SpringPersistenceUnitInfo      : No LoadTimeWeaver setup: ignoring JPA class transformer
2025-09-25T16:30:54.248+09:00  INFO 22088 --- [ch09] [restartedMain] com.zaxxer.hikari.HikariDataSource       : HikariPool-3 - Starting...
2025-09-25T16:30:54.248+09:00  WARN 22088 --- [ch09] [restartedMain] c.zaxxer.hikari.util.DriverDataSource    : Registered driver with driverClassName=oracle.jdbc.driver.OracleDriver was not found, trying direct instantiation.
2025-09-25T16:30:54.373+09:00  INFO 22088 --- [ch09] [restartedMain] com.zaxxer.hikari.pool.HikariPool        : HikariPool-3 - Added connection oracle.jdbc.driver.T4CConnection@1bdeb520
2025-09-25T16:30:54.374+09:00  INFO 22088 --- [ch09] [restartedMain] com.zaxxer.hikari.HikariDataSource       : HikariPool-3 - Start completed.
2025-09-25T16:30:54.439+09:00  INFO 22088 --- [ch09] [restartedMain] org.hibernate.orm.connections.pooling    : HHH10001005: Database info:
	Database JDBC URL [Connecting through datasource 'HikariDataSource (HikariPool-3)']
	Database driver: undefined/unknown
	Database version: 21.3
	Autocommit mode: undefined/unknown
	Isolation level: undefined/unknown
	Minimum pool size: undefined/unknown
	Maximum pool size: undefined/unknown
2025-09-25T16:30:54.455+09:00  INFO 22088 --- [ch09] [restartedMain] o.h.e.t.j.p.i.JtaPlatformInitiator       : HHH000489: No JTA platform available (set 'hibernate.transaction.jta.platform' to enable JTA platform integration)
2025-09-25T16:30:54.455+09:00  INFO 22088 --- [ch09] [restartedMain] j.LocalContainerEntityManagerFactoryBean : Initialized JPA EntityManagerFactory for persistence unit 'default'
2025-09-25T16:30:54.467+09:00  WARN 22088 --- [ch09] [restartedMain] JpaBaseConfiguration$JpaWebConfiguration : spring.jpa.open-in-view is enabled by default. Therefore, database queries may be performed during view rendering. Explicitly configure spring.jpa.open-in-view to disable this warning
2025-09-25T16:30:54.474+09:00  INFO 22088 --- [ch09] [restartedMain] o.s.b.a.w.s.WelcomePageHandlerMapping    : Adding welcome page template: index
2025-09-25T16:30:54.548+09:00  WARN 22088 --- [ch09] [restartedMain] .s.s.UserDetailsServiceAutoConfiguration : 

Using generated security password: fb3d2a99-6bbe-4499-93f3-905778969d85

This generated password is for development use only. Your security configuration must be updated before running your application in production.

2025-09-25T16:30:54.549+09:00  INFO 22088 --- [ch09] [restartedMain] r$InitializeUserDetailsManagerConfigurer : Global AuthenticationManager configured with UserDetailsService bean with name inMemoryUserDetailsManager
2025-09-25T16:30:54.566+09:00  INFO 22088 --- [ch09] [restartedMain] o.s.b.d.a.OptionalLiveReloadServer       : LiveReload server is running on port 35729
2025-09-25T16:30:54.575+09:00  INFO 22088 --- [ch09] [restartedMain] o.s.b.w.embedded.tomcat.TomcatWebServer  : Tomcat started on port 8080 (http) with context path '/ch09'
2025-09-25T16:30:54.579+09:00  INFO 22088 --- [ch09] [restartedMain] kr.co.sboard.SboardApplication           : Started SboardApplication in 0.662 seconds (process running for 75.517)
2025-09-25T16:30:54.580+09:00  INFO 22088 --- [ch09] [restartedMain] .ConditionEvaluationDeltaLoggingListener : Condition evaluation unchanged
2025-09-25T16:39:58.011+09:00  INFO 22088 --- [ch09] [File Watcher] rtingClassPathChangeChangedEventListener : Restarting due to 25 class path changes (2 additions, 0 deletions, 23 modifications)
2025-09-25T16:39:58.013+09:00  INFO 22088 --- [ch09] [Thread-13] o.s.b.w.e.tomcat.GracefulShutdown        : Commencing graceful shutdown. Waiting for active requests to complete
2025-09-25T16:39:58.118+09:00  INFO 22088 --- [ch09] [tomcat-shutdown] o.s.b.w.e.tomcat.GracefulShutdown        : Graceful shutdown complete
2025-09-25T16:39:58.120+09:00  INFO 22088 --- [ch09] [Thread-13] j.LocalContainerEntityManagerFactoryBean : Closing JPA EntityManagerFactory for persistence unit 'default'
2025-09-25T16:39:58.122+09:00  INFO 22088 --- [ch09] [Thread-13] com.zaxxer.hikari.HikariDataSource       : HikariPool-3 - Shutdown initiated...
2025-09-25T16:39:58.238+09:00  INFO 22088 --- [ch09] [Thread-13] com.zaxxer.hikari.HikariDataSource       : HikariPool-3 - Shutdown completed.
2025-09-25T16:39:58.298+09:00  INFO 22088 --- [ch09] [restartedMain] kr.co.sboard.SboardApplication           : Starting SboardApplication using Java 17.0.0.1 with PID 22088 (C:\Users\GGG\Desktop\work\Spring\sboard\build\classes\java\main started by GGG in C:\Users\GGG\Desktop\work\Spring\sboard)
2025-09-25T16:39:58.298+09:00  INFO 22088 --- [ch09] [restartedMain] kr.co.sboard.SboardApplication           : No active profile set, falling back to 1 default profile: "default"
2025-09-25T16:39:58.471+09:00  INFO 22088 --- [ch09] [restartedMain] .s.d.r.c.RepositoryConfigurationDelegate : Bootstrapping Spring Data JPA repositories in DEFAULT mode.
2025-09-25T16:39:58.473+09:00  INFO 22088 --- [ch09] [restartedMain] .s.d.r.c.RepositoryConfigurationDelegate : Finished Spring Data repository scanning in 0 ms. Found 0 JPA repository interfaces.
2025-09-25T16:39:58.506+09:00  WARN 22088 --- [ch09] [restartedMain] o.m.s.mapper.ClassPathMapperScanner      : No MyBatis mapper was found in '[kr.co.sboard]' package. Please check your configuration.
2025-09-25T16:39:58.558+09:00  INFO 22088 --- [ch09] [restartedMain] o.s.b.w.embedded.tomcat.TomcatWebServer  : Tomcat initialized with port 8080 (http)
2025-09-25T16:39:58.558+09:00  INFO 22088 --- [ch09] [restartedMain] o.apache.catalina.core.StandardService   : Starting service [Tomcat]
2025-09-25T16:39:58.558+09:00  INFO 22088 --- [ch09] [restartedMain] o.apache.catalina.core.StandardEngine    : Starting Servlet engine: [Apache Tomcat/10.1.46]
2025-09-25T16:39:58.576+09:00  INFO 22088 --- [ch09] [restartedMain] o.a.c.c.C.[Tomcat].[localhost].[/ch09]   : Initializing Spring embedded WebApplicationContext
2025-09-25T16:39:58.576+09:00  INFO 22088 --- [ch09] [restartedMain] w.s.c.ServletWebServerApplicationContext : Root WebApplicationContext: initialization completed in 277 ms
2025-09-25T16:39:58.597+09:00  INFO 22088 --- [ch09] [restartedMain] o.hibernate.jpa.internal.util.LogHelper  : HHH000204: Processing PersistenceUnitInfo [name: default]
2025-09-25T16:39:58.600+09:00  INFO 22088 --- [ch09] [restartedMain] o.h.c.internal.RegionFactoryInitiator    : HHH000026: Second-level cache disabled
2025-09-25T16:39:58.608+09:00  INFO 22088 --- [ch09] [restartedMain] o.s.o.j.p.SpringPersistenceUnitInfo      : No LoadTimeWeaver setup: ignoring JPA class transformer
2025-09-25T16:39:58.609+09:00  INFO 22088 --- [ch09] [restartedMain] com.zaxxer.hikari.HikariDataSource       : HikariPool-4 - Starting...
2025-09-25T16:39:58.609+09:00  WARN 22088 --- [ch09] [restartedMain] c.zaxxer.hikari.util.DriverDataSource    : Registered driver with driverClassName=oracle.jdbc.driver.OracleDriver was not found, trying direct instantiation.
2025-09-25T16:39:58.742+09:00  INFO 22088 --- [ch09] [restartedMain] com.zaxxer.hikari.pool.HikariPool        : HikariPool-4 - Added connection oracle.jdbc.driver.T4CConnection@711c2412
2025-09-25T16:39:58.742+09:00  INFO 22088 --- [ch09] [restartedMain] com.zaxxer.hikari.HikariDataSource       : HikariPool-4 - Start completed.
2025-09-25T16:39:58.815+09:00  INFO 22088 --- [ch09] [restartedMain] org.hibernate.orm.connections.pooling    : HHH10001005: Database info:
	Database JDBC URL [Connecting through datasource 'HikariDataSource (HikariPool-4)']
	Database driver: undefined/unknown
	Database version: 21.3
	Autocommit mode: undefined/unknown
	Isolation level: undefined/unknown
	Minimum pool size: undefined/unknown
	Maximum pool size: undefined/unknown
2025-09-25T16:39:58.830+09:00  INFO 22088 --- [ch09] [restartedMain] o.h.e.t.j.p.i.JtaPlatformInitiator       : HHH000489: No JTA platform available (set 'hibernate.transaction.jta.platform' to enable JTA platform integration)
2025-09-25T16:39:58.830+09:00  INFO 22088 --- [ch09] [restartedMain] j.LocalContainerEntityManagerFactoryBean : Initialized JPA EntityManagerFactory for persistence unit 'default'
2025-09-25T16:39:58.842+09:00  WARN 22088 --- [ch09] [restartedMain] JpaBaseConfiguration$JpaWebConfiguration : spring.jpa.open-in-view is enabled by default. Therefore, database queries may be performed during view rendering. Explicitly configure spring.jpa.open-in-view to disable this warning
2025-09-25T16:39:58.849+09:00  INFO 22088 --- [ch09] [restartedMain] o.s.b.a.w.s.WelcomePageHandlerMapping    : Adding welcome page template: index
2025-09-25T16:39:58.925+09:00  WARN 22088 --- [ch09] [restartedMain] .s.s.UserDetailsServiceAutoConfiguration : 

Using generated security password: d4a6478f-2ae5-43b4-87b2-cb9c10fd4d01

This generated password is for development use only. Your security configuration must be updated before running your application in production.

2025-09-25T16:39:58.926+09:00  INFO 22088 --- [ch09] [restartedMain] r$InitializeUserDetailsManagerConfigurer : Global AuthenticationManager configured with UserDetailsService bean with name inMemoryUserDetailsManager
2025-09-25T16:39:58.946+09:00  INFO 22088 --- [ch09] [restartedMain] o.s.b.d.a.OptionalLiveReloadServer       : LiveReload server is running on port 35729
2025-09-25T16:39:58.955+09:00  INFO 22088 --- [ch09] [restartedMain] o.s.b.w.embedded.tomcat.TomcatWebServer  : Tomcat started on port 8080 (http) with context path '/ch09'
2025-09-25T16:39:58.959+09:00  INFO 22088 --- [ch09] [restartedMain] kr.co.sboard.SboardApplication           : Started SboardApplication in 0.686 seconds (process running for 619.897)
2025-09-25T16:39:58.960+09:00  INFO 22088 --- [ch09] [restartedMain] .ConditionEvaluationDeltaLoggingListener : Condition evaluation unchanged
2025-09-25T16:44:08.755+09:00  INFO 22088 --- [ch09] [File Watcher] rtingClassPathChangeChangedEventListener : Restarting due to 25 class path changes (0 additions, 0 deletions, 25 modifications)
2025-09-25T16:44:08.757+09:00  INFO 22088 --- [ch09] [Thread-17] o.s.b.w.e.tomcat.GracefulShutdown        : Commencing graceful shutdown. Waiting for active requests to complete
2025-09-25T16:44:08.860+09:00  INFO 22088 --- [ch09] [tomcat-shutdown] o.s.b.w.e.tomcat.GracefulShutdown        : Graceful shutdown complete
2025-09-25T16:44:08.862+09:00  INFO 22088 --- [ch09] [Thread-17] j.LocalContainerEntityManagerFactoryBean : Closing JPA EntityManagerFactory for persistence unit 'default'
2025-09-25T16:44:08.863+09:00  INFO 22088 --- [ch09] [Thread-17] com.zaxxer.hikari.HikariDataSource       : HikariPool-4 - Shutdown initiated...
2025-09-25T16:44:08.966+09:00  INFO 22088 --- [ch09] [Thread-17] com.zaxxer.hikari.HikariDataSource       : HikariPool-4 - Shutdown completed.
