2025-09-26T11:20:57.600+09:00  INFO 13800 --- [ch09] [Test worker] kr.co.sboard.SboardApplicationTests      : Starting SboardApplicationTests using Java 17.0.0.1 with PID 13800 (started by GGG in C:\Users\GGG\Desktop\work\sboard)
2025-09-26T11:20:57.607+09:00  INFO 13800 --- [ch09] [Test worker] kr.co.sboard.SboardApplicationTests      : No active profile set, falling back to 1 default profile: "default"
2025-09-26T11:20:58.457+09:00  INFO 13800 --- [ch09] [Test worker] .s.d.r.c.RepositoryConfigurationDelegate : Bootstrapping Spring Data JPA repositories in DEFAULT mode.
2025-09-26T11:20:58.563+09:00  INFO 13800 --- [ch09] [Test worker] .s.d.r.c.RepositoryConfigurationDelegate : Finished Spring Data repository scanning in 10 ms. Found 0 JPA repository interfaces.
2025-09-26T11:20:58.794+09:00  WARN 13800 --- [ch09] [Test worker] o.m.s.mapper.ClassPathMapperScanner      : No MyBatis mapper was found in '[kr.co.sboard]' package. Please check your configuration.
2025-09-26T11:20:59.260+09:00  INFO 13800 --- [ch09] [Test worker] o.hibernate.jpa.internal.util.LogHelper  : HHH000204: Processing PersistenceUnitInfo [name: default]
2025-09-26T11:20:59.343+09:00  INFO 13800 --- [ch09] [Test worker] org.hibernate.Version                    : HHH000412: Hibernate ORM core version 6.6.29.Final
2025-09-26T11:20:59.400+09:00  INFO 13800 --- [ch09] [Test worker] o.h.c.internal.RegionFactoryInitiator    : HHH000026: Second-level cache disabled
2025-09-26T11:20:59.752+09:00  INFO 13800 --- [ch09] [Test worker] o.s.o.j.p.SpringPersistenceUnitInfo      : No LoadTimeWeaver setup: ignoring JPA class transformer
2025-09-26T11:20:59.796+09:00  INFO 13800 --- [ch09] [Test worker] com.zaxxer.hikari.HikariDataSource       : HikariPool-1 - Starting...
2025-09-26T11:20:59.804+09:00  WARN 13800 --- [ch09] [Test worker] c.zaxxer.hikari.util.DriverDataSource    : Registered driver with driverClassName=oracle.jdbc.driver.OracleDriver was not found, trying direct instantiation.
2025-09-26T11:21:00.249+09:00  INFO 13800 --- [ch09] [Test worker] com.zaxxer.hikari.pool.HikariPool        : HikariPool-1 - Added connection oracle.jdbc.driver.T4CConnection@49fe0bcd
2025-09-26T11:21:00.251+09:00  INFO 13800 --- [ch09] [Test worker] com.zaxxer.hikari.HikariDataSource       : HikariPool-1 - Start completed.
2025-09-26T11:21:00.618+09:00  INFO 13800 --- [ch09] [Test worker] org.hibernate.orm.connections.pooling    : HHH10001005: Database info:
	Database JDBC URL [Connecting through datasource 'HikariDataSource (HikariPool-1)']
	Database driver: undefined/unknown
	Database version: 21.3
	Autocommit mode: undefined/unknown
	Isolation level: undefined/unknown
	Minimum pool size: undefined/unknown
	Maximum pool size: undefined/unknown
2025-09-26T11:21:00.992+09:00  INFO 13800 --- [ch09] [Test worker] o.h.e.t.j.p.i.JtaPlatformInitiator       : HHH000489: No JTA platform available (set 'hibernate.transaction.jta.platform' to enable JTA platform integration)
2025-09-26T11:21:00.997+09:00  INFO 13800 --- [ch09] [Test worker] j.LocalContainerEntityManagerFactoryBean : Initialized JPA EntityManagerFactory for persistence unit 'default'
2025-09-26T11:21:01.169+09:00  WARN 13800 --- [ch09] [Test worker] JpaBaseConfiguration$JpaWebConfiguration : spring.jpa.open-in-view is enabled by default. Therefore, database queries may be performed during view rendering. Explicitly configure spring.jpa.open-in-view to disable this warning
2025-09-26T11:21:01.211+09:00  INFO 13800 --- [ch09] [Test worker] o.s.b.a.w.s.WelcomePageHandlerMapping    : Adding welcome page template: index
2025-09-26T11:21:01.803+09:00  WARN 13800 --- [ch09] [Test worker] .s.s.UserDetailsServiceAutoConfiguration : 

Using generated security password: 0697b3e8-d667-4836-90e0-26051a17653e

This generated password is for development use only. Your security configuration must be updated before running your application in production.

2025-09-26T11:21:01.812+09:00  INFO 13800 --- [ch09] [Test worker] r$InitializeUserDetailsManagerConfigurer : Global AuthenticationManager configured with UserDetailsService bean with name inMemoryUserDetailsManager
2025-09-26T11:21:01.984+09:00  INFO 13800 --- [ch09] [Test worker] kr.co.sboard.SboardApplicationTests      : Started SboardApplicationTests in 4.765 seconds (process running for 6.075)
2025-09-26T11:21:02.522+09:00  INFO 13800 --- [ch09] [SpringApplicationShutdownHook] j.LocalContainerEntityManagerFactoryBean : Closing JPA EntityManagerFactory for persistence unit 'default'
2025-09-26T11:21:02.525+09:00  INFO 13800 --- [ch09] [SpringApplicationShutdownHook] com.zaxxer.hikari.HikariDataSource       : HikariPool-1 - Shutdown initiated...
2025-09-26T11:21:02.674+09:00  INFO 13800 --- [ch09] [SpringApplicationShutdownHook] com.zaxxer.hikari.HikariDataSource       : HikariPool-1 - Shutdown completed.
